2024-05-17 09:30:03,751 INFO    StreamThr :126026 [internal.py:wandb_internal():86] W&B internal server running at pid: 126026, started at: 2024-05-17 09:30:03.749931
2024-05-17 09:30:03,754 DEBUG   HandlerThread:126026 [handler.py:handle_request():146] handle_request: status
2024-05-17 09:30:03,757 INFO    WriterThread:126026 [datastore.py:open_for_write():87] open: ./wandb/run-20240517_093003-d17wajad/run-d17wajad.wandb
2024-05-17 09:30:03,758 DEBUG   SenderThread:126026 [sender.py:send():379] send: header
2024-05-17 09:30:03,760 DEBUG   SenderThread:126026 [sender.py:send():379] send: run
2024-05-17 09:30:03,764 INFO    SenderThread:126026 [sender.py:_setup_resume():749] checking resume status for None/FACED_test_loo/d17wajad
2024-05-17 09:30:04,600 INFO    SenderThread:126026 [dir_watcher.py:__init__():211] watching files in: ./wandb/run-20240517_093003-d17wajad/files
2024-05-17 09:30:04,601 INFO    SenderThread:126026 [sender.py:_start_run_threads():1124] run started: d17wajad with start time 1715909403.749256
2024-05-17 09:30:04,613 DEBUG   HandlerThread:126026 [handler.py:handle_request():146] handle_request: check_version
2024-05-17 09:30:04,614 DEBUG   SenderThread:126026 [sender.py:send_request():406] send_request: check_version
2024-05-17 09:30:05,012 DEBUG   HandlerThread:126026 [handler.py:handle_request():146] handle_request: run_start
2024-05-17 09:30:05,025 DEBUG   HandlerThread:126026 [system_info.py:__init__():26] System info init
2024-05-17 09:30:05,025 DEBUG   HandlerThread:126026 [system_info.py:__init__():41] System info init done
2024-05-17 09:30:05,026 INFO    HandlerThread:126026 [system_monitor.py:start():194] Starting system monitor
2024-05-17 09:30:05,026 INFO    SystemMonitor:126026 [system_monitor.py:_start():158] Starting system asset monitoring threads
2024-05-17 09:30:05,026 INFO    HandlerThread:126026 [system_monitor.py:probe():214] Collecting system info
2024-05-17 09:30:05,027 INFO    SystemMonitor:126026 [interfaces.py:start():190] Started cpu monitoring
2024-05-17 09:30:05,028 INFO    SystemMonitor:126026 [interfaces.py:start():190] Started disk monitoring
2024-05-17 09:30:05,030 INFO    SystemMonitor:126026 [interfaces.py:start():190] Started gpu monitoring
2024-05-17 09:30:05,031 INFO    SystemMonitor:126026 [interfaces.py:start():190] Started memory monitoring
2024-05-17 09:30:05,033 INFO    SystemMonitor:126026 [interfaces.py:start():190] Started network monitoring
2024-05-17 09:30:05,053 DEBUG   HandlerThread:126026 [system_info.py:probe():150] Probing system
2024-05-17 09:30:05,056 DEBUG   HandlerThread:126026 [system_info.py:_probe_git():135] Probing git
2024-05-17 09:30:05,064 DEBUG   HandlerThread:126026 [system_info.py:_probe_git():143] Probing git done
2024-05-17 09:30:05,064 DEBUG   HandlerThread:126026 [system_info.py:probe():198] Probing system done
2024-05-17 09:30:05,065 DEBUG   HandlerThread:126026 [system_monitor.py:probe():223] {'os': 'Linux-5.19.0-40-generic-x86_64-with-glibc2.35', 'python': '3.11.3', 'heartbeatAt': '2024-05-17T01:30:05.053431', 'startedAt': '2024-05-17T01:30:03.741070', 'docker': None, 'cuda': None, 'args': ('log.run=2', 'log.proj_name=FACED_test_loo', 'data=FACED', 'model.timeFilterLen=30', 'model.dilation_array=[1,3,6,12]', 'model.seg_att=15', 'model.avgPoolLen=15', 'model.timeSmootherLen=3', 'train.gpus=[0]', 'train.valid_method=loo', 'train.num_workers=8', 'hydra/job_logging=default', 'train.iftest=True'), 'state': 'running', 'program': '/home/ncclab/shenxinke/att_model/CLISA_Hydra/interp_mlp.py', 'codePathLocal': None, 'codePath': 'interp_mlp.py', 'git': {'remote': 'git@github.com:RunminGan1218/CLISA_Hydra.git', 'commit': '7aa52932c017e2d781381336081caf4bf9c8e166'}, 'email': 'shenxk@sustech.edu.cn', 'root': '/home/ncclab/shenxinke/att_model/CLISA_Hydra', 'host': 'Precision5820', 'username': 'ncclab', 'executable': '/home/ncclab/miniconda3/envs/att_model/bin/python', 'cpu_count': 18, 'cpu_count_logical': 36, 'cpu_freq': {'current': 2.5128611111111114, 'min': 1200.0, 'max': 4633.333333333333}, 'cpu_freq_per_core': [{'current': 1.2, 'min': 1200.0, 'max': 4600.0}, {'current': 3.0, 'min': 1200.0, 'max': 4600.0}, {'current': 3.0, 'min': 1200.0, 'max': 4600.0}, {'current': 3.0, 'min': 1200.0, 'max': 4600.0}, {'current': 3.0, 'min': 1200.0, 'max': 4600.0}, {'current': 3.0, 'min': 1200.0, 'max': 4700.0}, {'current': 3.0, 'min': 1200.0, 'max': 4600.0}, {'current': 3.0, 'min': 1200.0, 'max': 4600.0}, {'current': 3.0, 'min': 1200.0, 'max': 4600.0}, {'current': 3.0, 'min': 1200.0, 'max': 4600.0}, {'current': 3.0, 'min': 1200.0, 'max': 4700.0}, {'current': 1.5, 'min': 1200.0, 'max': 4600.0}, {'current': 1.2, 'min': 1200.0, 'max': 4600.0}, {'current': 1.2, 'min': 1200.0, 'max': 4600.0}, {'current': 3.0, 'min': 1200.0, 'max': 4800.0}, {'current': 3.0, 'min': 1200.0, 'max': 4800.0}, {'current': 1.199, 'min': 1200.0, 'max': 4600.0}, {'current': 3.0, 'min': 1200.0, 'max': 4600.0}, {'current': 3.0, 'min': 1200.0, 'max': 4600.0}, {'current': 1.2, 'min': 1200.0, 'max': 4600.0}, {'current': 1.2, 'min': 1200.0, 'max': 4600.0}, {'current': 1.2, 'min': 1200.0, 'max': 4600.0}, {'current': 1.199, 'min': 1200.0, 'max': 4600.0}, {'current': 3.0, 'min': 1200.0, 'max': 4700.0}, {'current': 3.0, 'min': 1200.0, 'max': 4600.0}, {'current': 1.2, 'min': 1200.0, 'max': 4600.0}, {'current': 3.0, 'min': 1200.0, 'max': 4600.0}, {'current': 3.0, 'min': 1200.0, 'max': 4600.0}, {'current': 3.0, 'min': 1200.0, 'max': 4700.0}, {'current': 3.0, 'min': 1200.0, 'max': 4600.0}, {'current': 3.0, 'min': 1200.0, 'max': 4600.0}, {'current': 3.0, 'min': 1200.0, 'max': 4600.0}, {'current': 3.0, 'min': 1200.0, 'max': 4800.0}, {'current': 3.0, 'min': 1200.0, 'max': 4800.0}, {'current': 3.0, 'min': 1200.0, 'max': 4600.0}, {'current': 3.0, 'min': 1200.0, 'max': 4600.0}], 'disk': {'/': {'total': 937.5354804992676, 'used': 874.112678527832}}, 'gpu': 'NVIDIA GeForce RTX 3080', 'gpu_count': 1, 'gpu_devices': [{'name': 'NVIDIA GeForce RTX 3080', 'memory_total': 10737418240}], 'memory': {'total': 251.422119140625}}
2024-05-17 09:30:05,065 INFO    HandlerThread:126026 [system_monitor.py:probe():224] Finished collecting system info
2024-05-17 09:30:05,065 INFO    HandlerThread:126026 [system_monitor.py:probe():227] Publishing system info
2024-05-17 09:30:05,065 DEBUG   HandlerThread:126026 [system_info.py:_save_conda():207] Saving list of conda packages installed into the current environment
2024-05-17 09:30:05,603 INFO    Thread-12 :126026 [dir_watcher.py:_on_file_created():271] file/dir created: ./wandb/run-20240517_093003-d17wajad/files/conda-environment.yaml
2024-05-17 09:30:11,489 DEBUG   HandlerThread:126026 [system_info.py:_save_conda():222] Saving conda packages done
2024-05-17 09:30:11,490 INFO    HandlerThread:126026 [system_monitor.py:probe():229] Finished publishing system info
2024-05-17 09:30:11,493 DEBUG   HandlerThread:126026 [handler.py:handle_request():146] handle_request: status_report
2024-05-17 09:30:11,493 DEBUG   HandlerThread:126026 [handler.py:handle_request():146] handle_request: keepalive
2024-05-17 09:30:11,494 DEBUG   SenderThread:126026 [sender.py:send():379] send: files
2024-05-17 09:30:11,494 INFO    SenderThread:126026 [sender.py:_save_file():1390] saving file wandb-metadata.json with policy now
2024-05-17 09:30:11,605 INFO    Thread-12 :126026 [dir_watcher.py:_on_file_modified():288] file/dir modified: ./wandb/run-20240517_093003-d17wajad/files/conda-environment.yaml
2024-05-17 09:30:11,605 INFO    Thread-12 :126026 [dir_watcher.py:_on_file_created():271] file/dir created: ./wandb/run-20240517_093003-d17wajad/files/wandb-metadata.json
2024-05-17 09:30:11,631 DEBUG   HandlerThread:126026 [handler.py:handle_request():146] handle_request: python_packages
2024-05-17 09:30:11,631 DEBUG   HandlerThread:126026 [handler.py:handle_request():146] handle_request: stop_status
2024-05-17 09:30:11,632 DEBUG   SenderThread:126026 [sender.py:send_request():406] send_request: python_packages
2024-05-17 09:30:11,633 DEBUG   SenderThread:126026 [sender.py:send_request():406] send_request: stop_status
2024-05-17 09:30:11,637 DEBUG   HandlerThread:126026 [handler.py:handle_request():146] handle_request: internal_messages
2024-05-17 09:30:11,952 DEBUG   SenderThread:126026 [sender.py:send():379] send: telemetry
2024-05-17 09:30:11,953 DEBUG   SenderThread:126026 [sender.py:send():379] send: metric
2024-05-17 09:30:11,953 DEBUG   SenderThread:126026 [sender.py:send():379] send: telemetry
2024-05-17 09:30:11,953 DEBUG   SenderThread:126026 [sender.py:send():379] send: metric
2024-05-17 09:30:11,953 WARNING SenderThread:126026 [sender.py:send_metric():1341] Seen metric with glob (shouldn't happen)
2024-05-17 09:30:12,553 INFO    wandb-upload_0:126026 [upload_job.py:push():131] Uploaded file /tmp/tmpt_odf36mwandb/oqlmdpke-wandb-metadata.json
2024-05-17 09:30:12,606 INFO    Thread-12 :126026 [dir_watcher.py:_on_file_created():271] file/dir created: ./wandb/run-20240517_093003-d17wajad/files/requirements.txt
2024-05-17 09:30:12,606 INFO    Thread-12 :126026 [dir_watcher.py:_on_file_created():271] file/dir created: ./wandb/run-20240517_093003-d17wajad/files/output.log
2024-05-17 09:30:14,049 DEBUG   HandlerThread:126026 [handler.py:handle_request():146] handle_request: status_report
2024-05-17 09:30:14,114 DEBUG   SenderThread:126026 [sender.py:send():379] send: exit
2024-05-17 09:30:14,114 INFO    SenderThread:126026 [sender.py:send_exit():586] handling exit code: 1
2024-05-17 09:30:14,114 INFO    SenderThread:126026 [sender.py:send_exit():588] handling runtime: 9
2024-05-17 09:30:14,114 INFO    SenderThread:126026 [sender.py:_save_file():1390] saving file wandb-summary.json with policy end
2024-05-17 09:30:14,115 INFO    SenderThread:126026 [sender.py:send_exit():594] send defer
2024-05-17 09:30:14,115 DEBUG   HandlerThread:126026 [handler.py:handle_request():146] handle_request: defer
2024-05-17 09:30:14,115 INFO    HandlerThread:126026 [handler.py:handle_request_defer():172] handle defer: 0
2024-05-17 09:30:14,115 DEBUG   SenderThread:126026 [sender.py:send_request():406] send_request: defer
2024-05-17 09:30:14,116 INFO    SenderThread:126026 [sender.py:send_request_defer():610] handle sender defer: 0
2024-05-17 09:30:14,116 INFO    SenderThread:126026 [sender.py:transition_state():614] send defer: 1
2024-05-17 09:30:14,116 DEBUG   HandlerThread:126026 [handler.py:handle_request():146] handle_request: defer
2024-05-17 09:30:14,116 INFO    HandlerThread:126026 [handler.py:handle_request_defer():172] handle defer: 1
2024-05-17 09:30:14,116 DEBUG   SenderThread:126026 [sender.py:send_request():406] send_request: defer
2024-05-17 09:30:14,116 INFO    SenderThread:126026 [sender.py:send_request_defer():610] handle sender defer: 1
2024-05-17 09:30:14,116 INFO    SenderThread:126026 [sender.py:transition_state():614] send defer: 2
2024-05-17 09:30:14,116 DEBUG   HandlerThread:126026 [handler.py:handle_request():146] handle_request: defer
2024-05-17 09:30:14,116 INFO    HandlerThread:126026 [handler.py:handle_request_defer():172] handle defer: 2
2024-05-17 09:30:14,116 INFO    HandlerThread:126026 [system_monitor.py:finish():203] Stopping system monitor
2024-05-17 09:30:14,117 INFO    HandlerThread:126026 [interfaces.py:finish():202] Joined cpu monitor
2024-05-17 09:30:14,118 DEBUG   SystemMonitor:126026 [system_monitor.py:_start():172] Starting system metrics aggregation loop
2024-05-17 09:30:14,118 INFO    HandlerThread:126026 [interfaces.py:finish():202] Joined disk monitor
2024-05-17 09:30:14,118 DEBUG   SystemMonitor:126026 [system_monitor.py:_start():179] Finished system metrics aggregation loop
2024-05-17 09:30:14,118 DEBUG   SystemMonitor:126026 [system_monitor.py:_start():183] Publishing last batch of metrics
2024-05-17 09:30:14,192 INFO    HandlerThread:126026 [interfaces.py:finish():202] Joined gpu monitor
2024-05-17 09:30:14,192 INFO    HandlerThread:126026 [interfaces.py:finish():202] Joined memory monitor
2024-05-17 09:30:14,192 INFO    HandlerThread:126026 [interfaces.py:finish():202] Joined network monitor
2024-05-17 09:30:14,193 DEBUG   SenderThread:126026 [sender.py:send_request():406] send_request: defer
2024-05-17 09:30:14,193 INFO    SenderThread:126026 [sender.py:send_request_defer():610] handle sender defer: 2
2024-05-17 09:30:14,193 INFO    SenderThread:126026 [sender.py:transition_state():614] send defer: 3
2024-05-17 09:30:14,193 DEBUG   SenderThread:126026 [sender.py:send():379] send: stats
2024-05-17 09:30:14,194 DEBUG   HandlerThread:126026 [handler.py:handle_request():146] handle_request: defer
2024-05-17 09:30:14,194 INFO    HandlerThread:126026 [handler.py:handle_request_defer():172] handle defer: 3
2024-05-17 09:30:14,194 DEBUG   SenderThread:126026 [sender.py:send_request():406] send_request: defer
2024-05-17 09:30:14,194 INFO    SenderThread:126026 [sender.py:send_request_defer():610] handle sender defer: 3
2024-05-17 09:30:14,194 INFO    SenderThread:126026 [sender.py:transition_state():614] send defer: 4
2024-05-17 09:30:14,195 DEBUG   HandlerThread:126026 [handler.py:handle_request():146] handle_request: defer
2024-05-17 09:30:14,195 INFO    HandlerThread:126026 [handler.py:handle_request_defer():172] handle defer: 4
2024-05-17 09:30:14,195 DEBUG   SenderThread:126026 [sender.py:send_request():406] send_request: defer
2024-05-17 09:30:14,195 INFO    SenderThread:126026 [sender.py:send_request_defer():610] handle sender defer: 4
2024-05-17 09:30:14,195 INFO    SenderThread:126026 [sender.py:transition_state():614] send defer: 5
2024-05-17 09:30:14,195 DEBUG   HandlerThread:126026 [handler.py:handle_request():146] handle_request: defer
2024-05-17 09:30:14,195 INFO    HandlerThread:126026 [handler.py:handle_request_defer():172] handle defer: 5
2024-05-17 09:30:14,195 DEBUG   SenderThread:126026 [sender.py:send():379] send: summary
2024-05-17 09:30:14,196 INFO    SenderThread:126026 [sender.py:_save_file():1390] saving file wandb-summary.json with policy end
2024-05-17 09:30:14,196 DEBUG   SenderThread:126026 [sender.py:send_request():406] send_request: defer
2024-05-17 09:30:14,196 INFO    SenderThread:126026 [sender.py:send_request_defer():610] handle sender defer: 5
2024-05-17 09:30:14,196 INFO    SenderThread:126026 [sender.py:transition_state():614] send defer: 6
2024-05-17 09:30:14,196 DEBUG   HandlerThread:126026 [handler.py:handle_request():146] handle_request: defer
2024-05-17 09:30:14,196 INFO    HandlerThread:126026 [handler.py:handle_request_defer():172] handle defer: 6
2024-05-17 09:30:14,197 DEBUG   SenderThread:126026 [sender.py:send_request():406] send_request: defer
2024-05-17 09:30:14,197 INFO    SenderThread:126026 [sender.py:send_request_defer():610] handle sender defer: 6
2024-05-17 09:30:14,202 DEBUG   HandlerThread:126026 [handler.py:handle_request():146] handle_request: status_report
2024-05-17 09:30:14,607 INFO    Thread-12 :126026 [dir_watcher.py:_on_file_modified():288] file/dir modified: ./wandb/run-20240517_093003-d17wajad/files/output.log
2024-05-17 09:30:14,607 INFO    Thread-12 :126026 [dir_watcher.py:_on_file_created():271] file/dir created: ./wandb/run-20240517_093003-d17wajad/files/wandb-summary.json
2024-05-17 09:30:15,078 DEBUG   HandlerThread:126026 [handler.py:handle_request():146] handle_request: poll_exit
2024-05-17 09:30:16,609 INFO    Thread-12 :126026 [dir_watcher.py:_on_file_modified():288] file/dir modified: ./wandb/run-20240517_093003-d17wajad/files/output.log
2024-05-17 09:30:20,082 DEBUG   HandlerThread:126026 [handler.py:handle_request():146] handle_request: keepalive
2024-05-17 09:30:25,085 DEBUG   HandlerThread:126026 [handler.py:handle_request():146] handle_request: keepalive
2024-05-17 09:30:30,088 DEBUG   HandlerThread:126026 [handler.py:handle_request():146] handle_request: keepalive
2024-05-17 09:30:35,092 DEBUG   HandlerThread:126026 [handler.py:handle_request():146] handle_request: keepalive
2024-05-17 09:30:40,096 DEBUG   HandlerThread:126026 [handler.py:handle_request():146] handle_request: keepalive
2024-05-17 09:30:45,099 DEBUG   HandlerThread:126026 [handler.py:handle_request():146] handle_request: keepalive
2024-05-17 09:30:50,101 DEBUG   HandlerThread:126026 [handler.py:handle_request():146] handle_request: keepalive
2024-05-17 09:30:55,105 DEBUG   HandlerThread:126026 [handler.py:handle_request():146] handle_request: keepalive
2024-05-17 09:31:00,107 DEBUG   HandlerThread:126026 [handler.py:handle_request():146] handle_request: keepalive
2024-05-17 09:31:00,779 WARNING StreamThr :126026 [internal.py:is_dead():414] Internal process exiting, parent pid 126016 disappeared
2024-05-17 09:31:00,779 ERROR   StreamThr :126026 [internal.py:wandb_internal():152] Internal process shutdown.
2024-05-17 09:31:01,102 INFO    WriterThread:126026 [datastore.py:close():296] close: ./wandb/run-20240517_093003-d17wajad/run-d17wajad.wandb
2024-05-17 09:31:01,108 INFO    HandlerThread:126026 [handler.py:finish():866] shutting down handler
2024-05-17 09:31:16,139 WARNING FileStreamThread:126026 [file_stream.py:request_with_retry():687] requests_with_retry encountered retryable exception: 408 Client Error: Request Timeout for url: https://api.wandb.ai/files/sustech-shenxk/FACED_test_loo/d17wajad/file_stream. func: functools.partial(<bound method Session.post of <requests.sessions.Session object at 0x7f2fed2e9810>>, timeout=180.0), args: ('https://api.wandb.ai/files/sustech-shenxk/FACED_test_loo/d17wajad/file_stream',), kwargs: {'json': {'files': {'wandb-summary.json': {'offset': 0, 'content': ['{"_wandb": {"runtime": 9}}']}, 'wandb-events.jsonl': {'offset': 0, 'content': ['{"system.network.sent": 151104.0, "system.network.recv": 31742046.8, "system.proc.memory.availableMB": 250001.06, "system.memory": 2.9, "system.proc.memory.rssMB": 538.43, "system.proc.memory.percent": 0.21, "system.cpu": 0.09, "system.cpu.0.cpu_percent": 0.0, "system.cpu.1.cpu_percent": 0.0, "system.cpu.2.cpu_percent": 0.0, "system.cpu.3.cpu_percent": 0.0, "system.cpu.4.cpu_percent": 0.1, "system.cpu.5.cpu_percent": 0.1, "system.cpu.6.cpu_percent": 1.52, "system.cpu.7.cpu_percent": 0.2, "system.cpu.8.cpu_percent": 0.8, "system.cpu.9.cpu_percent": 0.0, "system.cpu.10.cpu_percent": 2.74, "system.cpu.11.cpu_percent": 2.48, "system.cpu.12.cpu_percent": 0.1, "system.cpu.13.cpu_percent": 0.2, "system.cpu.14.cpu_percent": 67.32, "system.cpu.15.cpu_percent": 2.24, "system.cpu.16.cpu_percent": 0.4, "system.cpu.17.cpu_percent": 0.72, "system.cpu.18.cpu_percent": 0.0, "system.cpu.19.cpu_percent": 0.3, "system.cpu.20.cpu_percent": 0.2, "system.cpu.21.cpu_percent": 2.2, "system.cpu.22.cpu_percent": 0.1, "system.cpu.23.cpu_percent": 0.1, "system.cpu.24.cpu_percent": 0.1, "system.cpu.25.cpu_percent": 0.0, "system.cpu.26.cpu_percent": 0.0, "system.cpu.27.cpu_percent": 0.0, "system.cpu.28.cpu_percent": 0.0, "system.cpu.29.cpu_percent": 0.0, "system.cpu.30.cpu_percent": 0.0, "system.cpu.31.cpu_percent": 0.0, "system.cpu.32.cpu_percent": 0.0, "system.cpu.33.cpu_percent": 0.0, "system.cpu.34.cpu_percent": 0.0, "system.cpu.35.cpu_percent": 0.0, "system.proc.cpu.threads": 5, "system.disk.\\\\.usagePercent": 97.9, "system.disk.\\\\.usageGB": 874.11, "system.disk.in": 0.0, "system.disk.out": 0.3, "_wandb": true, "_timestamp": 1715909414.119132, "_runtime": 10.369876}']}, 'output.log': {'offset': 3, 'content': ['2024-05-17T01:30:15.958774 counter: 0\n']}}, 'dropped': 0}}
2024-05-17 09:31:17,991 INFO    SenderThread:126026 [retry.py:__call__():172] Retry attempt failed:
Traceback (most recent call last):
  File "/home/ncclab/miniconda3/envs/att_model/lib/python3.11/site-packages/urllib3/connectionpool.py", line 536, in _make_request
    response = conn.getresponse()
               ^^^^^^^^^^^^^^^^^^
  File "/home/ncclab/miniconda3/envs/att_model/lib/python3.11/site-packages/urllib3/connection.py", line 461, in getresponse
    httplib_response = super().getresponse()
                       ^^^^^^^^^^^^^^^^^^^^^
  File "/home/ncclab/miniconda3/envs/att_model/lib/python3.11/http/client.py", line 1375, in getresponse
    response.begin()
  File "/home/ncclab/miniconda3/envs/att_model/lib/python3.11/http/client.py", line 318, in begin
    version, status, reason = self._read_status()
                              ^^^^^^^^^^^^^^^^^^^
  File "/home/ncclab/miniconda3/envs/att_model/lib/python3.11/http/client.py", line 279, in _read_status
    line = str(self.fp.readline(_MAXLINE + 1), "iso-8859-1")
               ^^^^^^^^^^^^^^^^^^^^^^^^^^^^^^
  File "/home/ncclab/miniconda3/envs/att_model/lib/python3.11/socket.py", line 706, in readinto
    return self._sock.recv_into(b)
           ^^^^^^^^^^^^^^^^^^^^^^^
  File "/home/ncclab/miniconda3/envs/att_model/lib/python3.11/ssl.py", line 1278, in recv_into
    return self.read(nbytes, buffer)
           ^^^^^^^^^^^^^^^^^^^^^^^^^
  File "/home/ncclab/miniconda3/envs/att_model/lib/python3.11/ssl.py", line 1134, in read
    return self._sslobj.read(len, buffer)
           ^^^^^^^^^^^^^^^^^^^^^^^^^^^^^^
TimeoutError: The read operation timed out

The above exception was the direct cause of the following exception:

Traceback (most recent call last):
  File "/home/ncclab/miniconda3/envs/att_model/lib/python3.11/site-packages/requests/adapters.py", line 486, in send
    resp = conn.urlopen(
           ^^^^^^^^^^^^^
  File "/home/ncclab/miniconda3/envs/att_model/lib/python3.11/site-packages/urllib3/connectionpool.py", line 844, in urlopen
    retries = retries.increment(
              ^^^^^^^^^^^^^^^^^^
  File "/home/ncclab/miniconda3/envs/att_model/lib/python3.11/site-packages/urllib3/util/retry.py", line 470, in increment
    raise reraise(type(error), error, _stacktrace)
          ^^^^^^^^^^^^^^^^^^^^^^^^^^^^^^^^^^^^^^^^
  File "/home/ncclab/miniconda3/envs/att_model/lib/python3.11/site-packages/urllib3/util/util.py", line 39, in reraise
    raise value
  File "/home/ncclab/miniconda3/envs/att_model/lib/python3.11/site-packages/urllib3/connectionpool.py", line 790, in urlopen
    response = self._make_request(
               ^^^^^^^^^^^^^^^^^^^
  File "/home/ncclab/miniconda3/envs/att_model/lib/python3.11/site-packages/urllib3/connectionpool.py", line 538, in _make_request
    self._raise_timeout(err=e, url=url, timeout_value=read_timeout)
  File "/home/ncclab/miniconda3/envs/att_model/lib/python3.11/site-packages/urllib3/connectionpool.py", line 370, in _raise_timeout
    raise ReadTimeoutError(
urllib3.exceptions.ReadTimeoutError: HTTPSConnectionPool(host='api.wandb.ai', port=443): Read timed out. (read timeout=20)

During handling of the above exception, another exception occurred:

Traceback (most recent call last):
  File "/home/ncclab/miniconda3/envs/att_model/lib/python3.11/site-packages/wandb/sdk/lib/retry.py", line 131, in __call__
    result = self._call_fn(*args, **kwargs)
             ^^^^^^^^^^^^^^^^^^^^^^^^^^^^^^
  File "/home/ncclab/miniconda3/envs/att_model/lib/python3.11/site-packages/wandb/sdk/internal/internal_api.py", line 369, in execute
    return self.client.execute(*args, **kwargs)  # type: ignore
           ^^^^^^^^^^^^^^^^^^^^^^^^^^^^^^^^^^^^
  File "/home/ncclab/miniconda3/envs/att_model/lib/python3.11/site-packages/wandb/vendor/gql-0.2.0/wandb_gql/client.py", line 52, in execute
    result = self._get_result(document, *args, **kwargs)
             ^^^^^^^^^^^^^^^^^^^^^^^^^^^^^^^^^^^^^^^^^^^
  File "/home/ncclab/miniconda3/envs/att_model/lib/python3.11/site-packages/wandb/vendor/gql-0.2.0/wandb_gql/client.py", line 60, in _get_result
    return self.transport.execute(document, *args, **kwargs)
           ^^^^^^^^^^^^^^^^^^^^^^^^^^^^^^^^^^^^^^^^^^^^^^^^^
  File "/home/ncclab/miniconda3/envs/att_model/lib/python3.11/site-packages/wandb/sdk/lib/gql_request.py", line 58, in execute
    request = self.session.post(self.url, **post_args)
              ^^^^^^^^^^^^^^^^^^^^^^^^^^^^^^^^^^^^^^^^
  File "/home/ncclab/miniconda3/envs/att_model/lib/python3.11/site-packages/requests/sessions.py", line 637, in post
    return self.request("POST", url, data=data, json=json, **kwargs)
           ^^^^^^^^^^^^^^^^^^^^^^^^^^^^^^^^^^^^^^^^^^^^^^^^^^^^^^^^^
  File "/home/ncclab/miniconda3/envs/att_model/lib/python3.11/site-packages/requests/sessions.py", line 589, in request
    resp = self.send(prep, **send_kwargs)
           ^^^^^^^^^^^^^^^^^^^^^^^^^^^^^^
  File "/home/ncclab/miniconda3/envs/att_model/lib/python3.11/site-packages/requests/sessions.py", line 703, in send
    r = adapter.send(request, **kwargs)
        ^^^^^^^^^^^^^^^^^^^^^^^^^^^^^^^
  File "/home/ncclab/miniconda3/envs/att_model/lib/python3.11/site-packages/requests/adapters.py", line 532, in send
    raise ReadTimeout(e, request=request)
requests.exceptions.ReadTimeout: HTTPSConnectionPool(host='api.wandb.ai', port=443): Read timed out. (read timeout=20)
2024-05-17 09:32:18,764 WARNING FileStreamThread:126026 [file_stream.py:request_with_retry():687] requests_with_retry encountered retryable exception: 408 Client Error: Request Timeout for url: https://api.wandb.ai/files/sustech-shenxk/FACED_test_loo/d17wajad/file_stream. func: functools.partial(<bound method Session.post of <requests.sessions.Session object at 0x7f2fed2e9810>>, timeout=180.0), args: ('https://api.wandb.ai/files/sustech-shenxk/FACED_test_loo/d17wajad/file_stream',), kwargs: {'json': {'files': {'wandb-summary.json': {'offset': 0, 'content': ['{"_wandb": {"runtime": 9}}']}, 'wandb-events.jsonl': {'offset': 0, 'content': ['{"system.network.sent": 151104.0, "system.network.recv": 31742046.8, "system.proc.memory.availableMB": 250001.06, "system.memory": 2.9, "system.proc.memory.rssMB": 538.43, "system.proc.memory.percent": 0.21, "system.cpu": 0.09, "system.cpu.0.cpu_percent": 0.0, "system.cpu.1.cpu_percent": 0.0, "system.cpu.2.cpu_percent": 0.0, "system.cpu.3.cpu_percent": 0.0, "system.cpu.4.cpu_percent": 0.1, "system.cpu.5.cpu_percent": 0.1, "system.cpu.6.cpu_percent": 1.52, "system.cpu.7.cpu_percent": 0.2, "system.cpu.8.cpu_percent": 0.8, "system.cpu.9.cpu_percent": 0.0, "system.cpu.10.cpu_percent": 2.74, "system.cpu.11.cpu_percent": 2.48, "system.cpu.12.cpu_percent": 0.1, "system.cpu.13.cpu_percent": 0.2, "system.cpu.14.cpu_percent": 67.32, "system.cpu.15.cpu_percent": 2.24, "system.cpu.16.cpu_percent": 0.4, "system.cpu.17.cpu_percent": 0.72, "system.cpu.18.cpu_percent": 0.0, "system.cpu.19.cpu_percent": 0.3, "system.cpu.20.cpu_percent": 0.2, "system.cpu.21.cpu_percent": 2.2, "system.cpu.22.cpu_percent": 0.1, "system.cpu.23.cpu_percent": 0.1, "system.cpu.24.cpu_percent": 0.1, "system.cpu.25.cpu_percent": 0.0, "system.cpu.26.cpu_percent": 0.0, "system.cpu.27.cpu_percent": 0.0, "system.cpu.28.cpu_percent": 0.0, "system.cpu.29.cpu_percent": 0.0, "system.cpu.30.cpu_percent": 0.0, "system.cpu.31.cpu_percent": 0.0, "system.cpu.32.cpu_percent": 0.0, "system.cpu.33.cpu_percent": 0.0, "system.cpu.34.cpu_percent": 0.0, "system.cpu.35.cpu_percent": 0.0, "system.proc.cpu.threads": 5, "system.disk.\\\\.usagePercent": 97.9, "system.disk.\\\\.usageGB": 874.11, "system.disk.in": 0.0, "system.disk.out": 0.3, "_wandb": true, "_timestamp": 1715909414.119132, "_runtime": 10.369876}']}, 'output.log': {'offset': 3, 'content': ['2024-05-17T01:30:15.958774 counter: 0\n']}}, 'dropped': 0}}
2024-05-17 09:32:30,270 INFO    SenderThread:126026 [sender.py:transition_state():614] send defer: 7
2024-05-17 09:32:30,270 INFO    SenderThread:126026 [sender.py:finish():1546] shutting down sender
2024-05-17 09:32:30,708 INFO    Thread-12 :126026 [dir_watcher.py:_on_file_modified():288] file/dir modified: ./wandb/run-20240517_093003-d17wajad/files/config.yaml
2024-05-17 09:32:32,202 INFO    SenderThread:126026 [dir_watcher.py:finish():358] shutting down directory watcher
2024-05-17 09:32:32,709 INFO    Thread-12 :126026 [dir_watcher.py:_on_file_modified():288] file/dir modified: ./wandb/run-20240517_093003-d17wajad/files/output.log
2024-05-17 09:32:32,710 INFO    SenderThread:126026 [dir_watcher.py:finish():388] scan: ./wandb/run-20240517_093003-d17wajad/files
2024-05-17 09:32:32,711 INFO    SenderThread:126026 [dir_watcher.py:finish():402] scan save: ./wandb/run-20240517_093003-d17wajad/files/wandb-metadata.json wandb-metadata.json
2024-05-17 09:32:32,711 INFO    SenderThread:126026 [dir_watcher.py:finish():402] scan save: ./wandb/run-20240517_093003-d17wajad/files/requirements.txt requirements.txt
2024-05-17 09:32:32,711 INFO    SenderThread:126026 [dir_watcher.py:finish():402] scan save: ./wandb/run-20240517_093003-d17wajad/files/config.yaml config.yaml
2024-05-17 09:32:32,711 INFO    SenderThread:126026 [dir_watcher.py:finish():402] scan save: ./wandb/run-20240517_093003-d17wajad/files/output.log output.log
2024-05-17 09:32:32,712 INFO    SenderThread:126026 [dir_watcher.py:finish():402] scan save: ./wandb/run-20240517_093003-d17wajad/files/wandb-summary.json wandb-summary.json
2024-05-17 09:32:32,716 INFO    SenderThread:126026 [dir_watcher.py:finish():402] scan save: ./wandb/run-20240517_093003-d17wajad/files/conda-environment.yaml conda-environment.yaml
2024-05-17 09:32:32,729 INFO    SenderThread:126026 [file_pusher.py:finish():172] shutting down file pusher
2024-05-17 09:32:32,730 INFO    SenderThread:126026 [file_pusher.py:join():178] waiting for file pusher
2024-05-17 09:32:33,252 INFO    wandb-upload_1:126026 [upload_job.py:push():131] Uploaded file ./wandb/run-20240517_093003-d17wajad/files/config.yaml
2024-05-17 09:32:33,496 INFO    wandb-upload_0:126026 [upload_job.py:push():131] Uploaded file ./wandb/run-20240517_093003-d17wajad/files/requirements.txt
2024-05-17 09:32:33,657 INFO    wandb-upload_2:126026 [upload_job.py:push():131] Uploaded file ./wandb/run-20240517_093003-d17wajad/files/output.log
2024-05-17 09:32:33,678 INFO    wandb-upload_3:126026 [upload_job.py:push():131] Uploaded file ./wandb/run-20240517_093003-d17wajad/files/wandb-summary.json
2024-05-17 09:32:33,799 INFO    wandb-upload_4:126026 [upload_job.py:push():131] Uploaded file ./wandb/run-20240517_093003-d17wajad/files/conda-environment.yaml
2024-05-17 09:32:34,231 INFO    SenderThread:126026 [file_stream.py:finish():614] file stream finish called
